[2020-11-06 12:15:56,270] [log.py:228] [log:log_response] [WARNING]- Not Found: /currentsetting.htm
[2020-11-06 12:19:18,499] [log.py:228] [log:log_response] [WARNING]- Not Found: /currentsetting.htm
[2020-11-06 14:07:09,284] [log.py:228] [log:log_response] [WARNING]- Not Found: /hudson
[2020-11-06 14:14:21,384] [log.py:228] [log:log_response] [WARNING]- Not Found: /currentsetting.htm
[2020-11-06 14:58:21,599] [log.py:228] [log:log_response] [WARNING]- Not Found: /currentsetting.htm
[2020-11-06 15:18:28,936] [log.py:228] [log:log_response] [WARNING]- Not Found: /currentsetting.htm
[2020-11-06 15:39:23,023] [log.py:228] [log:log_response] [WARNING]- Not Found: /currentsetting.htm
[2020-11-06 16:06:28,426] [log.py:228] [log:log_response] [WARNING]- Not Found: /cache/global/img/gs.gif
[2020-11-06 16:27:24,165] [log.py:228] [log:log_response] [WARNING]- Not Found: /currentsetting.htm
[2020-11-06 17:25:36,207] [log.py:228] [log:log_response] [WARNING]- Not Found: /config/getuser
[2020-11-06 17:38:06,001] [log.py:228] [log:log_response] [WARNING]- Not Found: /currentsetting.htm
[2020-11-06 17:52:27,559] [log.py:228] [log:log_response] [WARNING]- Not Found: /currentsetting.htm
[2020-11-06 18:01:56,151] [log.py:228] [log:log_response] [WARNING]- Not Found: /currentsetting.htm
[2020-11-06 18:29:54,985] [log.py:228] [log:log_response] [WARNING]- Not Found: /currentsetting.htm
[2020-11-06 19:44:44,215] [log.py:228] [log:log_response] [WARNING]- Not Found: /currentsetting.htm
[2020-11-06 20:07:17,754] [log.py:228] [log:log_response] [WARNING]- Not Found: /.env
[2020-11-06 20:07:18,226] [log.py:228] [log:log_response] [WARNING]- Forbidden (CSRF cookie not set.): /
[2020-11-06 20:19:51,603] [log.py:228] [log:log_response] [WARNING]- Not Found: /boaform/admin/formLogin
[2020-11-06 21:08:16,679] [log.py:228] [log:log_response] [WARNING]- Not Found: /currentsetting.htm
[2020-11-06 21:16:45,421] [log.py:228] [log:log_response] [WARNING]- Not Found: /.env
[2020-11-06 21:16:45,834] [log.py:228] [log:log_response] [WARNING]- Forbidden (CSRF cookie not set.): /
[2020-11-06 21:29:33,222] [log.py:228] [log:log_response] [WARNING]- Not Found: /.env
[2020-11-06 22:22:18,514] [log.py:228] [log:log_response] [WARNING]- Not Found: /manager/text/list
[2020-11-06 22:46:15,979] [log.py:228] [log:log_response] [WARNING]- Not Found: /currentsetting.htm
[2020-11-06 23:24:53,261] [log.py:228] [log:log_response] [WARNING]- Not Found: /manager/html
[2020-11-06 23:42:22,756] [log.py:228] [log:log_response] [WARNING]- Not Found: /currentsetting.htm
[2020-11-07 00:25:10,467] [log.py:228] [log:log_response] [WARNING]- Not Found: /boaform/admin/formLogin
[2020-11-07 01:41:12,507] [log.py:228] [log:log_response] [WARNING]- Not Found: /cache/global/img/gs.gif
[2020-11-07 02:18:22,338] [log.py:228] [log:log_response] [WARNING]- Not Found: /tool/log/c.php
[2020-11-07 02:30:01,944] [log.py:228] [log:log_response] [WARNING]- Not Found: /.env
[2020-11-07 02:30:02,453] [log.py:228] [log:log_response] [WARNING]- Forbidden (CSRF cookie not set.): /
[2020-11-07 02:33:41,104] [log.py:228] [log:log_response] [WARNING]- Not Found: /currentsetting.htm
[2020-11-07 02:43:58,321] [log.py:228] [log:log_response] [WARNING]- Not Found: /currentsetting.htm
[2020-11-07 03:32:24,651] [log.py:228] [log:log_response] [WARNING]- Not Found: /currentsetting.htm
[2020-11-07 05:11:15,827] [log.py:228] [log:log_response] [WARNING]- Not Found: /currentsetting.htm
[2020-11-07 05:49:47,929] [log.py:228] [log:log_response] [WARNING]- Not Found: /currentsetting.htm
[2020-11-07 08:18:22,192] [log.py:228] [log:log_response] [WARNING]- Not Found: /solr/
[2020-11-07 09:11:38,819] [log.py:228] [log:log_response] [WARNING]- Not Found: /portal/redlion
[2020-11-07 09:16:46,330] [log.py:228] [log:log_response] [WARNING]- Not Found: /index.php
[2020-11-07 09:16:46,357] [log.py:228] [log:log_response] [WARNING]- Not Found: /phpmyadmin/index.php
[2020-11-07 11:20:50,206] [log.py:228] [log:log_response] [WARNING]- Not Found: /cache/global/img/gs.gif
[2020-11-07 11:25:03,699] [log.py:228] [log:log_response] [WARNING]- Not Found: /config/getuser
[2020-11-07 12:00:28,253] [log.py:228] [log:log_response] [WARNING]- Not Found: /currentsetting.htm
[2020-11-07 13:00:03,875] [log.py:228] [log:log_response] [WARNING]- Not Found: /favicon.ico
[2020-11-07 13:41:28,479] [log.py:228] [log:log_response] [WARNING]- Not Found: /currentsetting.htm
[2020-11-07 14:20:32,902] [log.py:228] [log:log_response] [WARNING]- Not Found: /currentsetting.htm
[2020-11-07 15:28:30,593] [log.py:228] [log:log_response] [WARNING]- Not Found: /config/getuser
[2020-11-07 19:44:51,681] [log.py:228] [log:log_response] [WARNING]- Not Found: /boaform/admin/formLogin
[2020-11-07 19:45:14,291] [log.py:228] [log:log_response] [WARNING]- Not Found: /favicon.ico
[2020-11-07 20:03:37,503] [log.py:228] [log:log_response] [WARNING]- Not Found: /phpmyadmin/
[2020-11-07 20:37:44,064] [log.py:228] [log:log_response] [WARNING]- Not Found: /currentsetting.htm
[2020-11-07 22:02:42,788] [log.py:228] [log:log_response] [WARNING]- Not Found: /currentsetting.htm
[2020-11-07 22:29:36,081] [log.py:228] [log:log_response] [WARNING]- Not Found: /hudson
[2020-11-08 01:54:39,990] [log.py:228] [log:log_response] [WARNING]- Not Found: /favicon.ico
[2020-11-08 02:47:40,908] [log.py:228] [log:log_response] [WARNING]- Not Found: /GponForm/diag_Form
[2020-11-08 06:36:39,225] [log.py:228] [log:log_response] [WARNING]- Not Found: /.env
[2020-11-08 06:36:39,667] [log.py:228] [log:log_response] [WARNING]- Forbidden (CSRF cookie not set.): /
[2020-11-08 06:42:48,319] [log.py:228] [log:log_response] [WARNING]- Not Found: /cache/global/img/gs.gif
[2020-11-08 06:53:33,255] [log.py:228] [log:log_response] [WARNING]- Not Found: /boaform/admin/formLogin
[2020-11-08 08:26:15,428] [log.py:228] [log:log_response] [WARNING]- Not Found: /currentsetting.htm
[2020-11-08 10:51:36,089] [log.py:228] [log:log_response] [WARNING]- Not Found: /index.php
[2020-11-08 10:51:36,131] [log.py:228] [log:log_response] [WARNING]- Not Found: /phpmyadmin/index.php
[2020-11-08 11:44:41,464] [log.py:228] [log:log_response] [WARNING]- Not Found: /currentsetting.htm
[2020-11-08 12:09:41,542] [log.py:228] [log:log_response] [WARNING]- Not Found: /0bef
[2020-11-08 12:44:38,869] [log.py:228] [log:log_response] [WARNING]- Not Found: /currentsetting.htm
[2020-11-08 18:19:19,591] [log.py:228] [log:log_response] [WARNING]- Not Found: /echo.php
[2020-11-08 18:51:19,974] [log.py:228] [log:log_response] [WARNING]- Not Found: /currentsetting.htm
[2020-11-08 22:01:31,595] [log.py:228] [log:log_response] [WARNING]- Not Found: /english/
[2020-11-08 22:33:10,758] [log.py:228] [log:log_response] [WARNING]- Not Found: /boaform/admin/formLogin
[2020-11-08 22:58:03,080] [log.py:228] [log:log_response] [WARNING]- Not Found: /favicon.ico
[2020-11-08 23:17:04,875] [log.py:228] [log:log_response] [WARNING]- Not Found: /GponForm/diag_Form
[2020-11-09 01:59:42,294] [log.py:228] [log:log_response] [WARNING]- Not Found: /cache/global/img/gs.gif
[2020-11-09 03:26:05,122] [log.py:228] [log:log_response] [WARNING]- Not Found: /setup.cgi
[2020-11-09 09:12:10,225] [log.py:228] [log:log_response] [WARNING]- Not Found: /favicon.ico
[2020-11-09 10:08:58,020] [log.py:228] [log:log_response] [WARNING]- Not Found: /currentsetting.htm
[2020-11-09 10:24:26,329] [log.py:228] [log:log_response] [WARNING]- Not Found: /.env
[2020-11-09 10:24:27,470] [log.py:228] [log:log_response] [WARNING]- Forbidden (CSRF cookie not set.): /
[2020-11-09 10:55:52,343] [log.py:228] [log:log_response] [WARNING]- Not Found: /currentsetting.htm
[2020-11-09 11:11:40,660] [log.py:228] [log:log_response] [WARNING]- Not Found: /system_api.php
[2020-11-09 11:11:41,105] [log.py:228] [log:log_response] [WARNING]- Not Found: /c/version.js
[2020-11-09 11:11:42,550] [log.py:228] [log:log_response] [WARNING]- Not Found: /streaming/clients_live.php
[2020-11-09 11:11:42,996] [log.py:228] [log:log_response] [WARNING]- Not Found: /stalker_portal/c/version.js
[2020-11-09 11:11:43,445] [log.py:228] [log:log_response] [WARNING]- Not Found: /client_area/
[2020-11-09 11:11:44,924] [log.py:228] [log:log_response] [WARNING]- Not Found: /stalker_portal/c/
[2020-11-09 11:29:38,726] [log.py:228] [log:log_response] [WARNING]- Not Found: /currentsetting.htm
[2020-11-09 11:30:15,131] [log.py:228] [log:log_response] [WARNING]- Not Found: /currentsetting.htm
[2020-11-09 11:32:05,707] [log.py:228] [log:log_response] [WARNING]- Not Found: /favicon.ico
[2020-11-09 11:36:17,977] [log.py:228] [log:log_response] [WARNING]- Not Found: /currentsetting.htm
[2020-11-09 11:38:20,173] [log.py:228] [log:log_response] [WARNING]- Not Found: /currentsetting.htm
[2020-11-09 11:39:10,247] [log.py:228] [log:log_response] [WARNING]- Not Found: /cache/global/img/gs.gif
[2020-11-09 11:53:41,174] [log.py:228] [log:log_response] [WARNING]- Not Found: /favicon.ico
[2020-11-09 13:30:19,843] [log.py:228] [log:log_response] [WARNING]- Not Found: /currentsetting.htm
[2020-11-09 13:46:18,577] [log.py:228] [log:log_response] [WARNING]- Not Found: /currentsetting.htm
[2020-11-09 14:00:33,756] [log.py:228] [log:log_response] [WARNING]- Not Found: /favicon.ico
[2020-11-09 15:26:04,182] [log.py:228] [log:log_response] [WARNING]- Not Found: /portal/redlion
[2020-11-09 16:39:33,785] [log.py:228] [log:log_response] [WARNING]- Not Found: /currentsetting.htm
[2020-11-09 17:52:37,472] [log.py:228] [log:log_response] [WARNING]- Not Found: /.env
[2020-11-09 17:52:39,674] [log.py:228] [log:log_response] [WARNING]- Forbidden (CSRF cookie not set.): /
[2020-11-09 18:00:14,559] [log.py:228] [log:log_response] [WARNING]- Not Found: /currentsetting.htm
[2020-11-09 20:43:02,966] [log.py:228] [log:log_response] [WARNING]- Not Found: /currentsetting.htm
[2020-11-09 21:20:57,443] [log.py:228] [log:log_response] [WARNING]- Not Found: /cache/global/img/gs.gif
[2020-11-09 22:36:08,165] [log.py:228] [log:log_response] [WARNING]- Not Found: /currentsetting.htm
[2020-11-10 07:04:00,443] [log.py:228] [log:log_response] [WARNING]- Not Found: /cache/global/img/gs.gif
[2020-11-10 07:41:51,226] [log.py:228] [log:log_response] [WARNING]- Not Found: /favicon.ico
[2020-11-10 08:38:59,528] [log.py:228] [log:log_response] [WARNING]- Not Found: /favicon.ico
[2020-11-10 14:38:41,777] [log.py:228] [log:log_response] [WARNING]- Not Found: /currentsetting.htm
[2020-11-10 14:44:50,650] [log.py:228] [log:log_response] [WARNING]- Not Found: /currentsetting.htm
[2020-11-10 15:09:37,990] [log.py:228] [log:log_response] [WARNING]- Not Found: /favicon.ico
[2020-11-10 15:27:53,312] [log.py:228] [log:log_response] [WARNING]- Not Found: /portal/redlion
[2020-11-10 15:36:29,832] [log.py:228] [log:log_response] [WARNING]- Not Found: /config/getuser
[2020-11-10 16:41:42,405] [log.py:228] [log:log_response] [WARNING]- Not Found: /cache/global/img/gs.gif
[2020-11-10 18:16:17,169] [log.py:228] [log:log_response] [WARNING]- Not Found: /0bef
[2020-11-10 18:58:54,531] [log.py:228] [log:log_response] [WARNING]- Not Found: /favicon.ico
[2020-11-10 20:24:52,174] [log.py:228] [log:log_response] [WARNING]- Not Found: /echo.php
[2020-11-10 20:39:35,488] [log.py:228] [log:log_response] [WARNING]- Not Found: /boaform/admin/formLogin
[2020-11-10 21:25:35,582] [log.py:228] [log:log_response] [WARNING]- Not Found: /admin/user/badmintonactivity/add/
[2020-11-10 21:25:35,765] [log.py:228] [log:log_response] [WARNING]- Not Found: /favicon.ico
[2020-11-10 21:30:30,633] [log.py:228] [log:log_response] [WARNING]- Not Found: /ReportServer
[2020-11-11 00:24:59,496] [log.py:228] [log:log_response] [WARNING]- Forbidden (CSRF cookie not set.): /
[2020-11-11 00:25:00,072] [log.py:228] [log:log_response] [WARNING]- Not Found: /robots.txt
[2020-11-11 01:38:18,690] [log.py:228] [log:log_response] [WARNING]- Not Found: /currentsetting.htm
[2020-11-11 02:54:29,653] [log.py:228] [log:log_response] [WARNING]- Not Found: /hudson
[2020-11-11 05:13:38,836] [log.py:228] [log:log_response] [WARNING]- Not Found: /favicon.ico
[2020-11-11 05:36:29,679] [log.py:228] [log:log_response] [WARNING]- Not Found: /www.zip
[2020-11-11 05:36:29,686] [log.py:228] [log:log_response] [WARNING]- Not Found: /wwwroot.rar
[2020-11-11 05:36:29,689] [log.py:228] [log:log_response] [WARNING]- Not Found: /www.rar
[2020-11-11 05:36:29,692] [log.py:228] [log:log_response] [WARNING]- Not Found: /1.zip
[2020-11-11 05:36:29,695] [log.py:228] [log:log_response] [WARNING]- Not Found: /wwwroot.zip
[2020-11-11 07:38:24,109] [log.py:228] [log:log_response] [WARNING]- Not Found: /_ping
[2020-11-11 08:52:07,270] [log.py:228] [log:log_response] [WARNING]- Not Found: /favicon.ico
[2020-11-11 10:20:43,519] [log.py:228] [log:log_response] [WARNING]- Not Found: /favicon.ico
[2020-11-11 12:49:21,474] [log.py:228] [log:log_response] [WARNING]- Not Found: /currentsetting.htm
[2020-11-11 13:32:57,143] [log.py:228] [log:log_response] [WARNING]- Not Found: /favicon.ico
[2020-11-11 13:41:06,584] [log.py:228] [log:log_response] [WARNING]- Not Found: /currentsetting.htm
